<?xml version="1.0" encoding="UTF-8"?>
<!-- Generated by org.testng.reporters.JUnitReportReporter -->
<testsuite skipped="0" hostname="LAPTOP-HTR85R0L" name="com.crm.Product.CreateAndDeleteProduct" tests="1" failures="0" timestamp="2022-10-10T15:43:10 IST" time="10.317" errors="0">
  <testcase name="CreateAndDeleteProductTest" time="10.317" classname="com.crm.Product.CreateAndDeleteProduct"/>
  <system-out/>
</testsuite> <!-- com.crm.Product.CreateAndDeleteProduct -->
