<?xml version="1.0" encoding="UTF-8"?>
<!-- Generated by org.testng.reporters.JUnitReportReporter -->
<testsuite skipped="0" hostname="LAPTOP-HTR85R0L" name="Pratice.Demo2" tests="3" failures="0" timestamp="2022-10-10T15:35:55 IST" time="0.002" errors="0">
  <testcase name="modifyCustomerTest" time="0.001" classname="Pratice.Demo2"/>
  <system-out/>
  <testcase name="createCustomerTest" time="0.001" classname="Pratice.Demo2"/>
  <system-out/>
  <testcase name="deleteCustomerTest" time="0.000" classname="Pratice.Demo2"/>
  <system-out/>
</testsuite> <!-- Pratice.Demo2 -->
