<?xml version="1.0" encoding="UTF-8"?>
<!-- Generated by org.testng.reporters.JUnitReportReporter -->
<testsuite skipped="0" hostname="LAPTOP-HTR85R0L" name="com.crm.Lead.CreateLeadUsingDataProvider" tests="3" failures="0" timestamp="2022-10-14T12:05:26 IST" time="38.185" errors="0">
  <testcase name="LeadDetails" time="11.611" classname="com.crm.Lead.CreateLeadUsingDataProvider"/>
  <system-out/>
  <testcase name="LeadDetails" time="13.159" classname="com.crm.Lead.CreateLeadUsingDataProvider"/>
  <system-out/>
  <testcase name="LeadDetails" time="13.415" classname="com.crm.Lead.CreateLeadUsingDataProvider"/>
  <system-out/>
</testsuite> <!-- com.crm.Lead.CreateLeadUsingDataProvider -->
