<?xml version="1.0" encoding="UTF-8"?>
<!-- Generated by org.testng.reporters.JUnitReportReporter -->
<testsuite skipped="0" hostname="LAPTOP-HTR85R0L" name="com.crm.Organisation.CreateOrganisation" tests="1" failures="0" timestamp="2022-10-10T15:35:55 IST" time="8.798" errors="0">
  <testcase name="CreateOrganisationTest" time="8.798" classname="com.crm.Organisation.CreateOrganisation"/>
  <system-out/>
</testsuite> <!-- com.crm.Organisation.CreateOrganisation -->
