<?xml version="1.0" encoding="UTF-8"?>
<!-- Generated by org.testng.reporters.JUnitReportReporter -->
<testsuite skipped="0" hostname="LAPTOP-HTR85R0L" name="com.crm.Campaign.CampaignWithProduct" tests="1" failures="0" timestamp="2022-10-10T16:17:11 IST" time="15.095" errors="0">
  <testcase name="createCampaignWithProduct" time="15.095" classname="com.crm.Campaign.CampaignWithProduct"/>
  <system-out/>
</testsuite> <!-- com.crm.Campaign.CampaignWithProduct -->
