<?xml version="1.0" encoding="UTF-8"?>
<!-- Generated by org.testng.reporters.JUnitReportReporter -->
<testsuite skipped="0" hostname="LAPTOP-HTR85R0L" name="com.crm.Campaign.CreateCampaign" tests="1" failures="0" timestamp="2022-10-14T11:19:52 IST" time="10.031" errors="0">
  <testcase name="CreateCampaignTest" time="10.031" classname="com.crm.Campaign.CreateCampaign"/>
  <system-out/>
</testsuite> <!-- com.crm.Campaign.CreateCampaign -->
