<?xml version="1.0" encoding="UTF-8"?>
<!-- Generated by org.testng.reporters.JUnitReportReporter -->
<testsuite skipped="0" hostname="LAPTOP-HTR85R0L" name="Pratice.DataProvider" tests="5" failures="0" timestamp="2022-10-10T15:35:55 IST" time="0.006" errors="0">
  <testcase name="bookTicket" time="0.000" classname="Pratice.DataProvider"/>
  <system-out/>
  <testcase name="bookTicket" time="0.001" classname="Pratice.DataProvider"/>
  <system-out/>
  <testcase name="bookTicket" time="0.000" classname="Pratice.DataProvider"/>
  <system-out/>
  <testcase name="bookTicket" time="0.004" classname="Pratice.DataProvider"/>
  <system-out/>
  <testcase name="bookTicket" time="0.001" classname="Pratice.DataProvider"/>
  <system-out/>
</testsuite> <!-- Pratice.DataProvider -->
