<?xml version="1.0" encoding="UTF-8"?>
<!-- Generated by org.testng.reporters.JUnitReportReporter -->
<testsuite skipped="0" hostname="LAPTOP-HTR85R0L" name="com.crm.Product.CreateProduct" tests="1" failures="0" timestamp="2022-10-10T15:35:55 IST" time="8.606" errors="0">
  <testcase name="CreateProductTest" time="8.606" classname="com.crm.Product.CreateProduct"/>
  <system-out/>
</testsuite> <!-- com.crm.Product.CreateProduct -->
